#
# There is insufficient memory for the Java Runtime Environment to continue.
# Native memory allocation (malloc) failed to allocate 2013136 bytes for Chunk::new
# Possible reasons:
#   The system is out of physical RAM or swap space
#   In 32 bit mode, the process size limit was hit
# Possible solutions:
#   Reduce memory load on the system
#   Increase physical memory or swap space
#   Check if swap backing store is full
#   Use 64 bit Java on a 64 bit OS
#   Decrease Java heap size (-Xmx/-Xms)
#   Decrease number of Java threads
#   Decrease Java thread stack sizes (-Xss)
#   Set larger code cache with -XX:ReservedCodeCacheSize=
# This output file may be truncated or incomplete.
#
#  Out of Memory Error (allocation.cpp:390), pid=5460, tid=0x0000000000001640
#
# JRE version: Java(TM) SE Runtime Environment (8.0_111-b14) (build 1.8.0_111-b14)
# Java VM: Java HotSpot(TM) 64-Bit Server VM (25.111-b14 mixed mode windows-amd64 compressed oops)
# Failed to write core dump. Minidumps are not enabled by default on client versions of Windows
#

---------------  T H R E A D  ---------------

Current thread (0x000000001e919000):  JavaThread "C2 CompilerThread0" daemon [_thread_in_native, id=5696, stack(0x000000001f050000,0x000000001f150000)]

Stack: [0x000000001f050000,0x000000001f150000]
[error occurred during error reporting (printing stack bounds), id 0xc0000005]

Native frames: (J=compiled Java code, j=interpreted, Vv=VM code, C=native code)


Current CompileTask:
C2:  12000 4982       4       org.springframework.core.annotation.AnnotationUtils::findAnnotation (223 bytes)


---------------  P R O C E S S  ---------------

Java Threads: ( => current thread )
  0x000000002183b800 JavaThread "pool-1-thread-2" [_thread_blocked, id=30360, stack(0x0000000026700000,0x0000000026800000)]
  0x0000000022266800 JavaThread "pool-1-thread-1" [_thread_blocked, id=25820, stack(0x0000000026600000,0x0000000026700000)]
  0x0000000023e13800 JavaThread "Thread-4" [_thread_in_Java, id=29596, stack(0x0000000026500000,0x0000000026600000)]
  0x0000000024096800 JavaThread "commons-pool-evictor-thread" daemon [_thread_blocked, id=7908, stack(0x00000000245f0000,0x00000000246f0000)]
  0x000000001ebd2800 JavaThread "surefire-forkedjvm-ping-30s" daemon [_thread_blocked, id=23200, stack(0x000000001f750000,0x000000001f850000)]
  0x000000001eaa5800 JavaThread "surefire-forkedjvm-command-thread" daemon [_thread_in_native, id=25984, stack(0x000000001f650000,0x000000001f750000)]
  0x000000001e9d0000 JavaThread "Service Thread" daemon [_thread_blocked, id=28232, stack(0x000000001f450000,0x000000001f550000)]
  0x000000001e97b800 JavaThread "C1 CompilerThread3" daemon [_thread_blocked, id=17860, stack(0x000000001f350000,0x000000001f450000)]
  0x000000001e976000 JavaThread "C2 CompilerThread2" daemon [_thread_in_native, id=12500, stack(0x000000001f250000,0x000000001f350000)]
  0x000000001e91c000 JavaThread "C2 CompilerThread1" daemon [_thread_in_native, id=4584, stack(0x000000001f150000,0x000000001f250000)]
=>0x000000001e919000 JavaThread "C2 CompilerThread0" daemon [_thread_in_native, id=5696, stack(0x000000001f050000,0x000000001f150000)]
  0x000000001e917000 JavaThread "Attach Listener" daemon [_thread_blocked, id=30452, stack(0x000000001ef50000,0x000000001f050000)]
  0x000000001e916000 JavaThread "Signal Dispatcher" daemon [_thread_blocked, id=25568, stack(0x000000001ee50000,0x000000001ef50000)]
  0x000000001e900800 JavaThread "Finalizer" daemon [_thread_blocked, id=18968, stack(0x000000001ece0000,0x000000001ede0000)]
  0x0000000002f88000 JavaThread "Reference Handler" daemon [_thread_blocked, id=27028, stack(0x000000001e7e0000,0x000000001e8e0000)]
  0x0000000002e7e000 JavaThread "main" [_thread_in_native, id=10840, stack(0x0000000002d70000,0x0000000002e70000)]

Other Threads:
  0x000000001c9f9000 VMThread [stack: 0x000000001e6e0000,0x000000001e7e0000] [id=21452]
  0x000000001ea77800 WatcherThread [stack: 0x000000001f550000,0x000000001f650000] [id=20004]

VM state:not at safepoint (normal execution)

VM Mutex/Monitor currently owned by a thread: None

Heap:
 PSYoungGen      total 186368K, used 172284K [0x000000076b500000, 0x0000000777700000, 0x00000007c0000000)
  eden space 175104K, 92% used [0x000000076b500000,0x00000007753d6358,0x0000000776000000)
  from space 11264K, 85% used [0x0000000776b00000,0x0000000777468f40,0x0000000777600000)
  to   space 11264K, 0% used [0x0000000776000000,0x0000000776000000,0x0000000776b00000)
 ParOldGen       total 109568K, used 13989K [0x00000006c1e00000, 0x00000006c8900000, 0x000000076b500000)
  object space 109568K, 12% used [0x00000006c1e00000,0x00000006c2ba94d0,0x00000006c8900000)
 Metaspace       used 46012K, capacity 48230K, committed 48424K, reserved 1091584K
  class space    used 6045K, capacity 6437K, committed 6440K, reserved 1048576K

Card table byte_map: [0x0000000012360000,0x0000000012b60000] byte_map_base: 0x000000000ed51000

Marking Bits: (ParMarkBitMap*) 0x000000005eefa6c0
 Begin Bits: [0x00000000138b0000, 0x0000000017838000)
 End Bits:   [0x0000000017838000, 0x000000001b7c0000)

Polling page: 0x0000000002910000

CodeCache: size=245760Kb used=17788Kb max_used=17788Kb free=227971Kb
 bounds [0x0000000002fa0000, 0x0000000004110000, 0x0000000011fa0000]
 total_blobs=5232 nmethods=4751 adapters=393
 compilation: enabled

Compilation events (10 events):
Event: 11.987 Thread 0x000000001e97b800 5168       3       com.sun.org.apache.xalan.internal.utils.XMLSecurityManager$NameMap::getOldName (18 bytes)
Event: 11.987 Thread 0x000000001e97b800 nmethod 5168 0x000000000410b050 code [0x000000000410b1c0, 0x000000000410b448]
Event: 11.987 Thread 0x000000001e97b800 5167       3       ch.qos.logback.classic.Logger::isInfoEnabled (77 bytes)
Event: 11.988 Thread 0x000000001e97b800 nmethod 5167 0x000000000410b510 code [0x000000000410b760, 0x000000000410c738]
Event: 11.988 Thread 0x000000001e97b800 5169       3       com.sun.org.apache.xalan.internal.utils.SecuritySupport::getSystemProperty (15 bytes)
Event: 11.988 Thread 0x000000001e97b800 nmethod 5169 0x000000000410ce50 code [0x000000000410cfe0, 0x000000000410d368]
Event: 11.988 Thread 0x000000001e97b800 5170       3       com.sun.org.apache.xalan.internal.utils.SecuritySupport$4::<init> (10 bytes)
Event: 11.988 Thread 0x000000001e97b800 nmethod 5170 0x000000000410d490 code [0x000000000410d5e0, 0x000000000410d7b0]
Event: 11.988 Thread 0x000000001e97b800 5171       3       sun.misc.URLClassPath$1::hasMoreElements (5 bytes)
Event: 11.989 Thread 0x000000001e97b800 nmethod 5171 0x000000000410d850 code [0x000000000410d9c0, 0x000000000410db48]

GC Heap History (10 events):
Event: 8.039 GC heap before
{Heap before GC invocations=8 (full 2):
 PSYoungGen      total 135168K, used 8884K [0x000000076b500000, 0x0000000777900000, 0x00000007c0000000)
  eden space 125440K, 0% used [0x000000076b500000,0x000000076b500000,0x0000000772f80000)
  from space 9728K, 91% used [0x0000000773a00000,0x00000007742ad3c8,0x0000000774380000)
  to   space 10752K, 0% used [0x0000000772f80000,0x0000000772f80000,0x0000000773a00000)
 ParOldGen       total 109568K, used 7634K [0x00000006c1e00000, 0x00000006c8900000, 0x000000076b500000)
  object space 109568K, 6% used [0x00000006c1e00000,0x00000006c2574990,0x00000006c8900000)
 Metaspace       used 33807K, capacity 35452K, committed 35496K, reserved 1079296K
  class space    used 4405K, capacity 4748K, committed 4776K, reserved 1048576K
Event: 8.083 GC heap after
Heap after GC invocations=8 (full 2):
 PSYoungGen      total 135168K, used 0K [0x000000076b500000, 0x0000000777900000, 0x00000007c0000000)
  eden space 125440K, 0% used [0x000000076b500000,0x000000076b500000,0x0000000772f80000)
  from space 9728K, 0% used [0x0000000773a00000,0x0000000773a00000,0x0000000774380000)
  to   space 10752K, 0% used [0x0000000772f80000,0x0000000772f80000,0x0000000773a00000)
 ParOldGen       total 109568K, used 13957K [0x00000006c1e00000, 0x00000006c8900000, 0x000000076b500000)
  object space 109568K, 12% used [0x00000006c1e00000,0x00000006c2ba14d0,0x00000006c8900000)
 Metaspace       used 33807K, capacity 35452K, committed 35496K, reserved 1079296K
  class space    used 4405K, capacity 4748K, committed 4776K, reserved 1048576K
}
Event: 10.763 GC heap before
{Heap before GC invocations=9 (full 2):
 PSYoungGen      total 135168K, used 125440K [0x000000076b500000, 0x0000000777900000, 0x00000007c0000000)
  eden space 125440K, 100% used [0x000000076b500000,0x0000000772f80000,0x0000000772f80000)
  from space 9728K, 0% used [0x0000000773a00000,0x0000000773a00000,0x0000000774380000)
  to   space 10752K, 0% used [0x0000000772f80000,0x0000000772f80000,0x0000000773a00000)
 ParOldGen       total 109568K, used 13957K [0x00000006c1e00000, 0x00000006c8900000, 0x000000076b500000)
  object space 109568K, 12% used [0x00000006c1e00000,0x00000006c2ba14d0,0x00000006c8900000)
 Metaspace       used 41841K, capacity 43616K, committed 43944K, reserved 1087488K
  class space    used 5426K, capacity 5744K, committed 5800K, reserved 1048576K
Event: 10.773 GC heap after
Heap after GC invocations=9 (full 2):
 PSYoungGen      total 136192K, used 10082K [0x000000076b500000, 0x0000000778080000, 0x00000007c0000000)
  eden space 125440K, 0% used [0x000000076b500000,0x000000076b500000,0x0000000772f80000)
  from space 10752K, 93% used [0x0000000772f80000,0x00000007739588d0,0x0000000773a00000)
  to   space 11264K, 0% used [0x0000000777580000,0x0000000777580000,0x0000000778080000)
 ParOldGen       total 109568K, used 13965K [0x00000006c1e00000, 0x00000006c8900000, 0x000000076b500000)
  object space 109568K, 12% used [0x00000006c1e00000,0x00000006c2ba34d0,0x00000006c8900000)
 Metaspace       used 41841K, capacity 43616K, committed 43944K, reserved 1087488K
  class space    used 5426K, capacity 5744K, committed 5800K, reserved 1048576K
}
Event: 11.250 GC heap before
{Heap before GC invocations=10 (full 2):
 PSYoungGen      total 136192K, used 135522K [0x000000076b500000, 0x0000000778080000, 0x00000007c0000000)
  eden space 125440K, 100% used [0x000000076b500000,0x0000000772f80000,0x0000000772f80000)
  from space 10752K, 93% used [0x0000000772f80000,0x00000007739588d0,0x0000000773a00000)
  to   space 11264K, 0% used [0x0000000777580000,0x0000000777580000,0x0000000778080000)
 ParOldGen       total 109568K, used 13965K [0x00000006c1e00000, 0x00000006c8900000, 0x000000076b500000)
  object space 109568K, 12% used [0x00000006c1e00000,0x00000006c2ba34d0,0x00000006c8900000)
 Metaspace       used 43291K, capacity 45148K, committed 45480K, reserved 1089536K
  class space    used 5594K, capacity 5960K, committed 6056K, reserved 1048576K
Event: 11.260 GC heap after
Heap after GC invocations=10 (full 2):
 PSYoungGen      total 136704K, used 7461K [0x000000076b500000, 0x0000000778080000, 0x00000007c0000000)
  eden space 125440K, 0% used [0x000000076b500000,0x000000076b500000,0x0000000772f80000)
  from space 11264K, 66% used [0x0000000777580000,0x0000000777cc9760,0x0000000778080000)
  to   space 10752K, 0% used [0x0000000772f80000,0x0000000772f80000,0x0000000773a00000)
 ParOldGen       total 109568K, used 13973K [0x00000006c1e00000, 0x00000006c8900000, 0x000000076b500000)
  object space 109568K, 12% used [0x00000006c1e00000,0x00000006c2ba54d0,0x00000006c8900000)
 Metaspace       used 43291K, capacity 45148K, committed 45480K, reserved 1089536K
  class space    used 5594K, capacity 5960K, committed 6056K, reserved 1048576K
}
Event: 11.518 GC heap before
{Heap before GC invocations=11 (full 2):
 PSYoungGen      total 136704K, used 132901K [0x000000076b500000, 0x0000000778080000, 0x00000007c0000000)
  eden space 125440K, 100% used [0x000000076b500000,0x0000000772f80000,0x0000000772f80000)
  from space 11264K, 66% used [0x0000000777580000,0x0000000777cc9760,0x0000000778080000)
  to   space 10752K, 0% used [0x0000000772f80000,0x0000000772f80000,0x0000000773a00000)
 ParOldGen       total 109568K, used 13973K [0x00000006c1e00000, 0x00000006c8900000, 0x000000076b500000)
  object space 109568K, 12% used [0x00000006c1e00000,0x00000006c2ba54d0,0x00000006c8900000)
 Metaspace       used 44411K, capacity 46590K, committed 46888K, reserved 1089536K
  class space    used 5739K, capacity 6115K, committed 6184K, reserved 1048576K
Event: 11.530 GC heap after
Heap after GC invocations=11 (full 2):
 PSYoungGen      total 136192K, used 8550K [0x000000076b500000, 0x0000000777600000, 0x00000007c0000000)
  eden space 125440K, 0% used [0x000000076b500000,0x000000076b500000,0x0000000772f80000)
  from space 10752K, 79% used [0x0000000772f80000,0x00000007737d9b80,0x0000000773a00000)
  to   space 11264K, 0% used [0x0000000776b00000,0x0000000776b00000,0x0000000777600000)
 ParOldGen       total 109568K, used 13981K [0x00000006c1e00000, 0x00000006c8900000, 0x000000076b500000)
  object space 109568K, 12% used [0x00000006c1e00000,0x00000006c2ba74d0,0x00000006c8900000)
 Metaspace       used 44411K, capacity 46590K, committed 46888K, reserved 1089536K
  class space    used 5739K, capacity 6115K, committed 6184K, reserved 1048576K
}
Event: 11.724 GC heap before
{Heap before GC invocations=12 (full 2):
 PSYoungGen      total 136192K, used 133990K [0x000000076b500000, 0x0000000777600000, 0x00000007c0000000)
  eden space 125440K, 100% used [0x000000076b500000,0x0000000772f80000,0x0000000772f80000)
  from space 10752K, 79% used [0x0000000772f80000,0x00000007737d9b80,0x0000000773a00000)
  to   space 11264K, 0% used [0x0000000776b00000,0x0000000776b00000,0x0000000777600000)
 ParOldGen       total 109568K, used 13981K [0x00000006c1e00000, 0x00000006c8900000, 0x000000076b500000)
  object space 109568K, 12% used [0x00000006c1e00000,0x00000006c2ba74d0,0x00000006c8900000)
 Metaspace       used 44799K, capacity 46948K, committed 47144K, reserved 1089536K
  class space    used 5785K, capacity 6160K, committed 6184K, reserved 1048576K
Event: 11.733 GC heap after
Heap after GC invocations=12 (full 2):
 PSYoungGen      total 186368K, used 9635K [0x000000076b500000, 0x0000000777700000, 0x00000007c0000000)
  eden space 175104K, 0% used [0x000000076b500000,0x000000076b500000,0x0000000776000000)
  from space 11264K, 85% used [0x0000000776b00000,0x0000000777468f40,0x0000000777600000)
  to   space 11264K, 0% used [0x0000000776000000,0x0000000776000000,0x0000000776b00000)
 ParOldGen       total 109568K, used 13989K [0x00000006c1e00000, 0x00000006c8900000, 0x000000076b500000)
  object space 109568K, 12% used [0x00000006c1e00000,0x00000006c2ba94d0,0x00000006c8900000)
 Metaspace       used 44799K, capacity 46948K, committed 47144K, reserved 1089536K
  class space    used 5785K, capacity 6160K, committed 6184K, reserved 1048576K
}

Deoptimization events (10 events):
Event: 11.474 Thread 0x0000000002e7e000 Uncommon trap: reason=unstable_if action=reinterpret pc=0x000000000405f740 method=org.springframework.core.annotation.AnnotationUtils.findAnnotation(Ljava/lang/reflect/AnnotatedElement;Ljava/lang/Class;Ljava/util/Set;)Ljava/lang/annotation/Annotation; @ 6
Event: 11.489 Thread 0x0000000002e7e000 Uncommon trap: reason=unstable_if action=reinterpret pc=0x0000000003fd3ad0 method=java.lang.Class.searchMethods([Ljava/lang/reflect/Method;Ljava/lang/String;[Ljava/lang/Class;)Ljava/lang/reflect/Method; @ 47
Event: 11.500 Thread 0x0000000002e7e000 Uncommon trap: reason=unstable_if action=reinterpret pc=0x0000000003e62044 method=java.lang.Class.searchMethods([Ljava/lang/reflect/Method;Ljava/lang/String;[Ljava/lang/Class;)Ljava/lang/reflect/Method; @ 47
Event: 11.510 Thread 0x0000000002e7e000 Uncommon trap: reason=unstable_if action=reinterpret pc=0x000000000401babc method=org.springframework.core.BridgeMethodResolver.findBridgedMethod(Ljava/lang/reflect/Method;)Ljava/lang/reflect/Method; @ 78
Event: 11.651 Thread 0x0000000002e7e000 Uncommon trap: reason=unstable_if action=reinterpret pc=0x0000000003b63260 method=org.springframework.util.StringUtils.collectionToDelimitedString(Ljava/util/Collection;Ljava/lang/String;Ljava/lang/String;Ljava/lang/String;)Ljava/lang/String; @ 4
Event: 11.712 Thread 0x0000000002e7e000 Uncommon trap: reason=unstable_if action=reinterpret pc=0x0000000003b842f4 method=org.springframework.boot.context.properties.source.ConfigurationPropertyName.elementEquals(Lorg/springframework/boot/context/properties/source/ConfigurationPropertyName$Elem
Event: 11.957 Thread 0x0000000002e7e000 Uncommon trap: reason=unstable_if action=reinterpret pc=0x00000000030fcce4 method=java.util.concurrent.ConcurrentHashMap.putVal(Ljava/lang/Object;Ljava/lang/Object;Z)Ljava/lang/Object; @ 331
Event: 11.958 Thread 0x0000000002e7e000 Uncommon trap: reason=unstable_if action=reinterpret pc=0x0000000003900cf4 method=java.util.concurrent.ConcurrentHashMap.get(Ljava/lang/Object;)Ljava/lang/Object; @ 86
Event: 11.958 Thread 0x0000000002e7e000 Uncommon trap: reason=unstable_if action=reinterpret pc=0x00000000034b1988 method=java.util.concurrent.ConcurrentHashMap.transfer([Ljava/util/concurrent/ConcurrentHashMap$Node;[Ljava/util/concurrent/ConcurrentHashMap$Node;)V @ 356
Event: 11.971 Thread 0x0000000002e7e000 Uncommon trap: reason=unstable_if action=reinterpret pc=0x0000000003c9bb60 method=java.util.WeakHashMap.put(Ljava/lang/Object;Ljava/lang/Object;)Ljava/lang/Object; @ 47

Internal exceptions (10 events):
Event: 11.975 Thread 0x0000000002e7e000 Exception <a 'java/lang/ClassNotFoundException': org/springframework/http/converter/HttpMessageConverterCustomizer> (0x000000077444a648) thrown at [C:\re\workspace\8-2-build-windows-amd64-cygwin\jdk8u111\7883\hotspot\src\share\vm\classfile\systemDictionar
Event: 11.979 Thread 0x0000000002e7e000 Exception <a 'java/lang/ClassNotFoundException': java/lang/ObjectCustomizer> (0x00000007744bb500) thrown at [C:\re\workspace\8-2-build-windows-amd64-cygwin\jdk8u111\7883\hotspot\src\share\vm\classfile\systemDictionary.cpp, line 210]
Event: 11.979 Thread 0x0000000002e7e000 Exception <a 'java/lang/ClassNotFoundException': org/springframework/boot/autoconfigure/http/HttpMessageConvertersAutoConfigurationCustomizer> (0x00000007744fbe90) thrown at [C:\re\workspace\8-2-build-windows-amd64-cygwin\jdk8u111\7883\hotspot\src\share\v
Event: 11.980 Thread 0x0000000002e7e000 Exception <a 'java/lang/ClassNotFoundException': org/springframework/boot/autoconfigure/http/HttpMessageConvertersAutoConfiguration$$EnhancerBySpringCGLIB$$3e33229Customizer> (0x000000077454acc0) thrown at [C:\re\workspace\8-2-build-windows-amd64-cygwin\j
Event: 11.981 Thread 0x0000000002e7e000 Exception <a 'java/lang/ClassNotFoundException': org/springframework/context/annotation/ConfigurationClassEnhancer$EnhancedConfigurationCustomizer> (0x0000000774590f38) thrown at [C:\re\workspace\8-2-build-windows-amd64-cygwin\jdk8u111\7883\hotspot\src\sh
Event: 11.982 Thread 0x0000000002e7e000 Exception <a 'java/lang/ClassNotFoundException': org/springframework/beans/factory/BeanFactoryAwareCustomizer> (0x00000007745bd9d8) thrown at [C:\re\workspace\8-2-build-windows-amd64-cygwin\jdk8u111\7883\hotspot\src\share\vm\classfile\systemDictionary.cpp
Event: 11.982 Thread 0x0000000002e7e000 Exception <a 'java/lang/ClassNotFoundException': org/springframework/beans/factory/AwareCustomizer> (0x00000007745e5888) thrown at [C:\re\workspace\8-2-build-windows-amd64-cygwin\jdk8u111\7883\hotspot\src\share\vm\classfile\systemDictionary.cpp, line 210]
Event: 11.990 Thread 0x0000000002e7e000 Exception <a 'java/lang/ClassNotFoundException': java/lang/ObjectCustomizer> (0x00000007749d5cd0) thrown at [C:\re\workspace\8-2-build-windows-amd64-cygwin\jdk8u111\7883\hotspot\src\share\vm\classfile\systemDictionary.cpp, line 210]
Event: 11.991 Thread 0x0000000002e7e000 Exception <a 'java/lang/ClassNotFoundException': org/springframework/boot/autoconfigure/http/HttpMessageConvertersCustomizer> (0x0000000774a0da90) thrown at [C:\re\workspace\8-2-build-windows-amd64-cygwin\jdk8u111\7883\hotspot\src\share\vm\classfile\syste
Event: 11.992 Thread 0x0000000002e7e000 Exception <a 'java/lang/ClassNotFoundException': java/lang/IterableCustomizer> (0x0000000774a24438) thrown at [C:\re\workspace\8-2-build-windows-amd64-cygwin\jdk8u111\7883\hotspot\src\share\vm\classfile\systemDictionary.cpp, line 210]

Events (10 events):
Event: 11.996 loading class org/springframework/data/web/JsonProjectingMethodInterceptorFactory
Event: 11.996 loading class org/springframework/data/web/JsonProjectingMethodInterceptorFactory done
Event: 11.997 loading class com/jayway/jsonpath/spi/mapper/JacksonMappingProvider
Event: 11.997 loading class com/jayway/jsonpath/spi/mapper/JacksonMappingProvider done
Event: 11.997 loading class com/jayway/jsonpath/spi/mapper/MappingException
Event: 11.997 loading class com/jayway/jsonpath/spi/mapper/MappingException done
Event: 11.997 loading class com/jayway/jsonpath/JsonPathException
Event: 11.997 loading class com/jayway/jsonpath/JsonPathException done
Event: 11.998 loading class com/jayway/jsonpath/Configuration
Event: 11.998 loading class com/jayway/jsonpath/Configuration done


Dynamic libraries:
0x00007ff74fce0000 - 0x00007ff74fd17000 	C:\Program Files\Java\jdk1.8.0_111\jre\bin\java.exe
0x00007ffae7080000 - 0x00007ffae7270000 	C:\WINDOWS\SYSTEM32\ntdll.dll
0x00007ffae6440000 - 0x00007ffae64f2000 	C:\WINDOWS\System32\KERNEL32.DLL
0x00007ffae4850000 - 0x00007ffae4af5000 	C:\WINDOWS\System32\KERNELBASE.dll
0x00007ffae5a40000 - 0x00007ffae5ae3000 	C:\WINDOWS\System32\ADVAPI32.dll
0x00007ffae59a0000 - 0x00007ffae5a3e000 	C:\WINDOWS\System32\msvcrt.dll
0x00007ffae6c00000 - 0x00007ffae6c97000 	C:\WINDOWS\System32\sechost.dll
0x00007ffae5210000 - 0x00007ffae532f000 	C:\WINDOWS\System32\RPCRT4.dll
0x00007ffae5fb0000 - 0x00007ffae6144000 	C:\WINDOWS\System32\USER32.dll
0x00007ffae4d10000 - 0x00007ffae4d31000 	C:\WINDOWS\System32\win32u.dll
0x00007ffae5c00000 - 0x00007ffae5c26000 	C:\WINDOWS\System32\GDI32.dll
0x00007ffae4f90000 - 0x00007ffae5128000 	C:\WINDOWS\System32\gdi32full.dll
0x00007ffae4e90000 - 0x00007ffae4f2e000 	C:\WINDOWS\System32\msvcp_win.dll
0x00007ffae4d90000 - 0x00007ffae4e8a000 	C:\WINDOWS\System32\ucrtbase.dll
0x00007ffacbce0000 - 0x00007ffacbf64000 	C:\WINDOWS\WinSxS\amd64_microsoft.windows.common-controls_6595b64144ccf1df_6.0.18362.1441_none_9e7da8f1e45ea808\COMCTL32.dll
0x00007ffae6d00000 - 0x00007ffae7036000 	C:\WINDOWS\System32\combase.dll
0x00007ffae4020000 - 0x00007ffae40a1000 	C:\WINDOWS\System32\bcryptPrimitives.dll
0x00007ffae5e10000 - 0x00007ffae5e3e000 	C:\WINDOWS\System32\IMM32.DLL
0x000000005f450000 - 0x000000005f522000 	C:\Program Files\Java\jdk1.8.0_111\jre\bin\msvcr100.dll
0x000000005e6e0000 - 0x000000005ef7a000 	C:\Program Files\Java\jdk1.8.0_111\jre\bin\server\jvm.dll
0x00007ffae5fa0000 - 0x00007ffae5fa8000 	C:\WINDOWS\System32\PSAPI.DLL
0x00007ffac62b0000 - 0x00007ffac62b9000 	C:\WINDOWS\SYSTEM32\WSOCK32.dll
0x00007ffadbd90000 - 0x00007ffadbdb4000 	C:\WINDOWS\SYSTEM32\WINMM.dll
0x00007ffada310000 - 0x00007ffada31a000 	C:\WINDOWS\SYSTEM32\VERSION.dll
0x00007ffae5ce0000 - 0x00007ffae5d4f000 	C:\WINDOWS\System32\WS2_32.dll
0x00007ffadbcb0000 - 0x00007ffadbcdd000 	C:\WINDOWS\SYSTEM32\WINMMBASE.dll
0x00007ffae4d40000 - 0x00007ffae4d8a000 	C:\WINDOWS\System32\cfgmgr32.dll
0x000000005f690000 - 0x000000005f69f000 	C:\Program Files\Java\jdk1.8.0_111\jre\bin\verify.dll
0x000000005f420000 - 0x000000005f449000 	C:\Program Files\Java\jdk1.8.0_111\jre\bin\java.dll
0x000000005f400000 - 0x000000005f416000 	C:\Program Files\Java\jdk1.8.0_111\jre\bin\zip.dll
0x00007ffae6510000 - 0x00007ffae6bf8000 	C:\WINDOWS\System32\SHELL32.dll
0x00007ffae5d60000 - 0x00007ffae5e07000 	C:\WINDOWS\System32\shcore.dll
0x00007ffae40d0000 - 0x00007ffae484b000 	C:\WINDOWS\System32\windows.storage.dll
0x00007ffae3f40000 - 0x00007ffae3f5e000 	C:\WINDOWS\System32\profapi.dll
0x00007ffae3f80000 - 0x00007ffae3fca000 	C:\WINDOWS\System32\powrprof.dll
0x00007ffae3f30000 - 0x00007ffae3f40000 	C:\WINDOWS\System32\UMPDC.dll
0x00007ffae5130000 - 0x00007ffae5182000 	C:\WINDOWS\System32\shlwapi.dll
0x00007ffae3fd0000 - 0x00007ffae3fe1000 	C:\WINDOWS\System32\kernel.appcore.dll
0x00007ffae40b0000 - 0x00007ffae40c7000 	C:\WINDOWS\System32\cryptsp.dll
0x000000005f3b0000 - 0x000000005f3bd000 	C:\Program Files\Java\jdk1.8.0_111\jre\bin\management.dll
0x000000005f3e0000 - 0x000000005f3fa000 	C:\Program Files\Java\jdk1.8.0_111\jre\bin\net.dll
0x00007ffae3770000 - 0x00007ffae37d7000 	C:\WINDOWS\system32\mswsock.dll
0x00007ffae3480000 - 0x00007ffae34ba000 	C:\WINDOWS\SYSTEM32\IPHLPAPI.DLL
0x00007ffae6500000 - 0x00007ffae6508000 	C:\WINDOWS\System32\NSI.dll
0x00007ffadb560000 - 0x00007ffadb576000 	C:\WINDOWS\SYSTEM32\dhcpcsvc6.DLL
0x00007ffadad20000 - 0x00007ffadad3c000 	C:\WINDOWS\SYSTEM32\dhcpcsvc.DLL
0x00007ffae34c0000 - 0x00007ffae358b000 	C:\WINDOWS\SYSTEM32\DNSAPI.dll
0x000000005f3c0000 - 0x000000005f3d1000 	C:\Program Files\Java\jdk1.8.0_111\jre\bin\nio.dll
0x00007ffada410000 - 0x00007ffada41a000 	C:\Windows\System32\rasadhlp.dll
0x00007ffada390000 - 0x00007ffada407000 	C:\WINDOWS\System32\fwpuclnt.dll
0x00007ffae3ff0000 - 0x00007ffae4016000 	C:\WINDOWS\System32\bcrypt.dll
0x00007ffabed80000 - 0x00007ffabed96000 	C:\WINDOWS\system32\napinsp.dll
0x00007ffabed60000 - 0x00007ffabed7a000 	C:\WINDOWS\system32\pnrpnsp.dll
0x00007ffac26e0000 - 0x00007ffac26ee000 	C:\WINDOWS\System32\winrnr.dll
0x00007ffadd310000 - 0x00007ffadd32c000 	C:\WINDOWS\system32\NLAapi.dll
0x00007ffadd840000 - 0x00007ffadd855000 	C:\WINDOWS\system32\wshbth.dll
0x000000005f380000 - 0x000000005f3a4000 	C:\Program Files\Java\jdk1.8.0_111\jre\bin\sunec.dll
0x00007ffae32f0000 - 0x00007ffae3323000 	C:\WINDOWS\system32\rsaenh.dll
0x00007ffae3e10000 - 0x00007ffae3e35000 	C:\WINDOWS\SYSTEM32\USERENV.dll
0x00007ffae3940000 - 0x00007ffae394c000 	C:\WINDOWS\SYSTEM32\CRYPTBASE.dll

VM Arguments:
java_command: C:\Users\mapper\AppData\Local\Temp\surefire1428350461791328454\surefirebooter5805100265905056460.jar C:\Users\mapper\AppData\Local\Temp\surefire1428350461791328454 2021-04-01T17-14-36_877-jvmRun1 surefire9201948673323761545tmp surefire_07910453981228299054tmp
java_class_path (initial): C:\Users\mapper\AppData\Local\Temp\surefire1428350461791328454\surefirebooter5805100265905056460.jar
Launcher Type: SUN_STANDARD

Environment Variables:
JAVA_HOME=C:\Program Files\Java\jdk1.8.0_111
PATH=C:\Python36\Scripts\;C:\Python36\;C:\Program Files (x86)\Common Files\Oracle\Java\javapath;C:\ProgramData\Oracle\Java\javapath;C:\Windows\system32;C:\Windows;C:\Windows\System32\Wbem;C:\Windows\System32\WindowsPowerShell\v1.0\;C:\Program Files (x86)\NVIDIA Corporation\PhysX\Common;C:\Program Files\Java\jdk1.8.0_111\bin;D:\work\apache-maven-3.6.2\bin;C:\WINDOWS\system32;C:\WINDOWS;C:\WINDOWS\System32\Wbem;C:\WINDOWS\System32\WindowsPowerShell\v1.0\;C:\WINDOWS\System32\OpenSSH\;C:\Program Files\nodejs\;C:\Git\cmd;C:\Program Files (x86)\Bluetooth Command Line Tools\bin;C:\Program Files\TortoiseGit\bin;D:\install\graphviz\bin\dot.exe;D:\work\gradle-6.5.1\bin;D:\install\vagrant\bin;C:\Program Files (x86)\Intel\Intel(R) Management Engine Components\DAL;C:\Program Files\Intel\Intel(R) Management Engine Components\DAL;C:\Users\mapper\AppData\Local\Programs\Python\Python36\Scripts\;C:\Users\mapper\AppData\Local\Programs\Python\Python36\;C:\Python36\Scripts\;C:\Python36\;C:\Users\mapper\AppData\Local\Microsoft\WindowsApps;D:\Tools\Fiddler;C:\Users\mapper\AppData\Roaming\npm;C:\Users\mapper\AppData\Local\BypassRuntm;C:\Users\mapper\AppData\Local\Microsoft\WindowsApps;D:\install\vscode\Microsoft VS Code\bin
USERNAME=mapper
OS=Windows_NT
PROCESSOR_IDENTIFIER=Intel64 Family 6 Model 142 Stepping 10, GenuineIntel



---------------  S Y S T E M  ---------------

OS: Windows 10.0 , 64 bit Build 18362 (10.0.18362.1350)

CPU:total 8 (4 cores per cpu, 2 threads per core) family 6 model 142 stepping 10, cmov, cx8, fxsr, mmx, sse, sse2, sse3, ssse3, sse4.1, sse4.2, popcnt, avx, avx2, aes, clmul, erms, rtm, 3dnowpref, lzcnt, ht, tsc, tscinvbit, bmi1, bmi2, adx

Memory: 4k page, physical 16652600k(1590036k free), swap 33056052k(5816k free)

vm_info: Java HotSpot(TM) 64-Bit Server VM (25.111-b14) for windows-amd64 JRE (1.8.0_111-b14), built on Sep 22 2016 19:24:05 by "java_re" with MS VC++ 10.0 (VS2010)

time: Thu Apr 01 17:14:50 2021
elapsed time: 12 seconds (0d 0h 0m 12s)

